<?xml version="1.0" encoding="UTF-8"?>
<!-- Generated by org.testng.reporters.JUnitXMLReporter -->
<testsuite ignored="0" hostname="Admin" failures="0" tests="5" name="Test" time="209.682" errors="0" timestamp="2025-01-08T18:17:03 IST">
  <testcase classname="Testcases.TC_001_Elements" name="Elements" time="33.041"/>
  <testcase classname="Testcases.TC_002_Forms" name="Forms" time="13.707"/>
  <testcase classname="Testcases.TC_003_AlertFrameWindows" name="AlertFrameWindows" time="15.406"/>
  <testcase classname="Testcases.TC_005_Interactions" name="Interactions" time="15.741"/>
  <testcase classname="Testcases.TC_006_BookStore" name="BookStore" time="5.006"/>
</testsuite> <!-- Test -->
