<?xml version="1.0" encoding="UTF-8"?>
<testng-results ignored="0" total="1" passed="1" failed="0" skipped="0">
  <reporter-output>
  </reporter-output>
  <suite started-at="2025-01-20T10:08:23 IST" name="Default suite" finished-at="2025-01-20T10:09:20 IST" duration-ms="56862">
    <groups>
    </groups>
    <test started-at="2025-01-20T10:08:23 IST" name="Default test" finished-at="2025-01-20T10:09:20 IST" duration-ms="56862">
      <class name="Testcases.TC_001_Elements">
        <test-method is-config="true" signature="initialization()[pri:0, instance:Testcases.TC_001_Elements@f6efaab]" started-at="2025-01-20T10:08:23 IST" name="initialization" finished-at="2025-01-20T10:08:41 IST" duration-ms="18130" status="PASS">
          <reporter-output>
          </reporter-output>
        </test-method> <!-- initialization -->
        <test-method is-config="true" signature="EvenListner(java.lang.reflect.Method)[pri:0, instance:Testcases.TC_001_Elements@f6efaab]" started-at="2025-01-20T10:08:41 IST" name="EvenListner" finished-at="2025-01-20T10:08:43 IST" duration-ms="2062" status="PASS">
          <params>
            <param index="0">
              <value>
                <![CDATA[public void Testcases.TC_001_Elements.Elements() throws java.lang.InterruptedException,java.awt.AWTException]]>
              </value>
            </param>
          </params>
          <reporter-output>
          </reporter-output>
        </test-method> <!-- EvenListner -->
        <test-method signature="Elements()[pri:0, instance:Testcases.TC_001_Elements@f6efaab]" started-at="2025-01-20T10:08:43 IST" name="Elements" finished-at="2025-01-20T10:09:20 IST" duration-ms="36614" status="PASS">
          <reporter-output>
          </reporter-output>
        </test-method> <!-- Elements -->
        <test-method is-config="true" signature="genrateReport(org.testng.ITestResult)[pri:0, instance:Testcases.TC_001_Elements@f6efaab]" started-at="2025-01-20T10:09:20 IST" name="genrateReport" finished-at="2025-01-20T10:09:20 IST" duration-ms="0" status="PASS">
          <params>
            <param index="0">
              <value>
                <![CDATA[[TestResult name=Elements status=SUCCESS method=TC_001_Elements.Elements()[pri:0, instance:Testcases.TC_001_Elements@f6efaab] output={null}]]]>
              </value>
            </param>
          </params>
          <reporter-output>
          </reporter-output>
        </test-method> <!-- genrateReport -->
        <test-method is-config="true" signature="quitDriver()[pri:0, instance:Testcases.TC_001_Elements@f6efaab]" started-at="2025-01-20T10:09:20 IST" name="quitDriver" finished-at="2025-01-20T10:09:20 IST" duration-ms="0" status="PASS">
          <reporter-output>
          </reporter-output>
        </test-method> <!-- quitDriver -->
      </class> <!-- Testcases.TC_001_Elements -->
    </test> <!-- Default test -->
  </suite> <!-- Default suite -->
</testng-results>
